Apr 23 2020 03:31:23
{"action":"ai1wm_export","options":{"replace":{"old_value":[""],"new_value":[""]}},"ai1wm_manual_export":"1","storage":"q4dzt4zveok1","file":"1","secret_key":"0wrPkJr7gzuF","priority":5,"archive":"esports-news1.local-20200423-033123-mjpq8x.wpress"}

Apr 23 2020 03:31:23
{"action":"ai1wm_export","options":{"replace":{"old_value":[""],"new_value":[""]}},"ai1wm_manual_export":"1","storage":"q4dzt4zveok1","file":"1","secret_key":"0wrPkJr7gzuF","priority":5,"archive":"esports-news1.local-20200423-033123-mjpq8x.wpress"}

Apr 23 2020 03:31:24
{"action":"ai1wm_export","options":{"replace":{"old_value":[""],"new_value":[""]}},"ai1wm_manual_export":"1","storage":"q4dzt4zveok1","file":"1","secret_key":"0wrPkJr7gzuF","priority":"10","archive":"esports-news1.local-20200423-033123-mjpq8x.wpress"}

Apr 23 2020 03:31:25
{"action":"ai1wm_export","options":{"replace":{"old_value":[""],"new_value":[""]}},"ai1wm_manual_export":"1","storage":"q4dzt4zveok1","file":"1","secret_key":"0wrPkJr7gzuF","priority":"50","archive":"esports-news1.local-20200423-033123-mjpq8x.wpress"}

Apr 23 2020 03:31:25
{"action":"ai1wm_export","options":{"replace":{"old_value":[""],"new_value":[""]}},"ai1wm_manual_export":"1","storage":"q4dzt4zveok1","file":"1","secret_key":"0wrPkJr7gzuF","priority":"60","archive":"esports-news1.local-20200423-033123-mjpq8x.wpress"}

Apr 23 2020 03:31:26
{"action":"ai1wm_export","options":{"replace":{"old_value":[""],"new_value":[""]}},"ai1wm_manual_export":"1","storage":"q4dzt4zveok1","file":"1","secret_key":"0wrPkJr7gzuF","priority":"100","archive":"esports-news1.local-20200423-033123-mjpq8x.wpress","total_content_files_count":1431,"total_content_files_size":31619162}

Apr 23 2020 03:31:27
{"action":"ai1wm_export","options":{"replace":{"old_value":[""],"new_value":[""]}},"ai1wm_manual_export":"1","storage":"q4dzt4zveok1","file":"1","secret_key":"0wrPkJr7gzuF","priority":"110","archive":"esports-news1.local-20200423-033123-mjpq8x.wpress","total_content_files_count":"1431","total_content_files_size":"31619162","total_media_files_count":879,"total_media_files_size":39249552}

Apr 23 2020 03:31:37
{"action":"ai1wm_export","options":{"replace":{"old_value":[""],"new_value":[""]}},"ai1wm_manual_export":"1","storage":"q4dzt4zveok1","file":"1","secret_key":"0wrPkJr7gzuF","priority":"150","archive":"esports-news1.local-20200423-033123-mjpq8x.wpress","total_content_files_count":1431,"total_content_files_size":31619162,"total_media_files_count":"879","total_media_files_size":"39249552","archive_bytes_offset":11985038,"file_bytes_offset":0,"content_bytes_offset":20709,"processed_files_size":10447641,"completed":false}

Apr 23 2020 03:31:48
{"action":"ai1wm_export","options":{"replace":{"old_value":[""],"new_value":[""]}},"ai1wm_manual_export":"1","storage":"q4dzt4zveok1","file":"1","secret_key":"0wrPkJr7gzuF","priority":"150","archive":"esports-news1.local-20200423-033123-mjpq8x.wpress","total_content_files_count":1431,"total_content_files_size":31619162,"total_media_files_count":"879","total_media_files_size":"39249552","archive_bytes_offset":26001678,"file_bytes_offset":0,"content_bytes_offset":48338,"processed_files_size":22096324,"completed":false}

Apr 23 2020 03:31:55
{"action":"ai1wm_export","options":{"replace":{"old_value":[""],"new_value":[""]}},"ai1wm_manual_export":"1","storage":"q4dzt4zveok1","file":"1","secret_key":"0wrPkJr7gzuF","priority":"150","archive":"esports-news1.local-20200423-033123-mjpq8x.wpress","total_media_files_count":"879","total_media_files_size":"39249552"}

Apr 23 2020 03:32:08
{"action":"ai1wm_export","options":{"replace":{"old_value":[""],"new_value":[""]}},"ai1wm_manual_export":"1","storage":"q4dzt4zveok1","file":"1","secret_key":"0wrPkJr7gzuF","priority":"160","archive":"esports-news1.local-20200423-033123-mjpq8x.wpress","total_media_files_count":879,"total_media_files_size":39249552,"archive_bytes_offset":51118648,"file_bytes_offset":0,"media_bytes_offset":10134,"processed_files_size":11904321,"completed":false}

Apr 23 2020 03:32:18
{"action":"ai1wm_export","options":{"replace":{"old_value":[""],"new_value":[""]}},"ai1wm_manual_export":"1","storage":"q4dzt4zveok1","file":"1","secret_key":"0wrPkJr7gzuF","priority":"160","archive":"esports-news1.local-20200423-033123-mjpq8x.wpress","total_media_files_count":879,"total_media_files_size":39249552,"archive_bytes_offset":62935311,"file_bytes_offset":0,"media_bytes_offset":18407,"processed_files_size":22858715,"completed":false}

